<?xml version="1.0" encoding="UTF-8"?>
<testsuite name="nl.tudelft.jpacman.level.MapParserTest" tests="1" skipped="0" failures="0" errors="0" timestamp="2024-11-12T03:16:10" hostname="DESKTOP-G2KKQ5T" time="1.086">
  <properties/>
  <testcase name="testParseMapWrong1()" classname="nl.tudelft.jpacman.level.MapParserTest" time="1.086"/>
  <system-out><![CDATA[]]></system-out>
  <system-err><![CDATA[]]></system-err>
</testsuite>
