<?xml version="1.0" encoding="UTF-8"?>
<testsuite name="nl.tudelft.jpacman.board.OccupantTest" tests="3" skipped="0" failures="0" errors="0" timestamp="2024-09-15T08:24:43" hostname="DESKTOP-G2KKQ5T" time="0.055">
  <properties/>
  <testcase name="noStartSquare()" classname="nl.tudelft.jpacman.board.OccupantTest" time="0.003"/>
  <testcase name="testReoccupy()" classname="nl.tudelft.jpacman.board.OccupantTest" time="0.05"/>
  <testcase name="testOccupy()" classname="nl.tudelft.jpacman.board.OccupantTest" time="0.001"/>
  <system-out><![CDATA[]]></system-out>
  <system-err><![CDATA[]]></system-err>
</testsuite>
