<?xml version="1.0" encoding="UTF-8"?>
<testsuite name="nl.tudelft.jpacman.board.BoardTest" tests="5" skipped="0" failures="0" errors="0" timestamp="2024-09-15T08:24:40" hostname="DESKTOP-G2KKQ5T" time="0.073">
  <properties/>
  <testcase name="verifyWidth()" classname="nl.tudelft.jpacman.board.BoardTest" time="0.003"/>
  <testcase name="verifyHeight()" classname="nl.tudelft.jpacman.board.BoardTest" time="0.001"/>
  <testcase name="testSquareAt(int, int)[1]" classname="nl.tudelft.jpacman.board.BoardTest" time="0.015"/>
  <testcase name="testSquareAt(int, int)[2]" classname="nl.tudelft.jpacman.board.BoardTest" time="0.001"/>
  <testcase name="testSquareAt(int, int)[3]" classname="nl.tudelft.jpacman.board.BoardTest" time="0.0"/>
  <system-out><![CDATA[]]></system-out>
  <system-err><![CDATA[]]></system-err>
</testsuite>
